<?xml version="1.0" encoding="UTF-8"?>
<!-- Generated by org.testng.reporters.JUnitXMLReporter -->
<testsuite hostname="pc205592" ignored="0" name="Test the given flow." tests="6" failures="0" timestamp="11 Apr 2018 14:57:01 GMT" time="22.842" errors="0">
  <testcase name="clickSelfHelp" time="3.232" classname="testCases.TestCases"/>
  <testcase name="howToEmbedFlows" time="1.722" classname="testCases.TestCases"/>
  <testcase name="clickEmbed" time="0.234" classname="testCases.TestCases"/>
  <testcase name="clickSlideShow" time="0.806" classname="testCases.TestCases"/>
  <testcase name="clickNext" time="0.564" classname="testCases.TestCases"/>
  <testcase name="clickCloseBtn" time="3.143" classname="testCases.TestCases"/>
</testsuite> <!-- Test the given flow. -->
