<?xml version="1.0" encoding="UTF-8"?>
<testng-results skipped="0" failed="0" ignored="0" total="6" passed="6">
  <reporter-output>
  </reporter-output>
  <suite name="WhatFix Assignment" duration-ms="22842" started-at="2018-04-11T14:56:38Z" finished-at="2018-04-11T14:57:01Z">
    <groups>
    </groups>
    <test name="Test the given flow." duration-ms="22842" started-at="2018-04-11T14:56:38Z" finished-at="2018-04-11T14:57:01Z">
      <class name="testCases.TestCases">
        <test-method status="PASS" signature="openBrowser()[pri:0, instance:testCases.TestCases@6fa38a]" name="openBrowser" is-config="true" duration-ms="13089" started-at="2018-04-11T14:56:38Z" finished-at="2018-04-11T14:56:51Z">
          <reporter-output>
          </reporter-output>
        </test-method> <!-- openBrowser -->
        <test-method status="PASS" signature="clickSelfHelp()[pri:0, instance:testCases.TestCases@6fa38a]" name="clickSelfHelp" duration-ms="3232" started-at="2018-04-11T14:56:51Z" finished-at="2018-04-11T14:56:54Z">
          <reporter-output>
          </reporter-output>
        </test-method> <!-- clickSelfHelp -->
        <test-method status="PASS" signature="howToEmbedFlows()[pri:0, instance:testCases.TestCases@6fa38a]" name="howToEmbedFlows" duration-ms="1722" started-at="2018-04-11T14:56:54Z" depends-on-methods="testCases.TestCases.clickSelfHelp" finished-at="2018-04-11T14:56:56Z">
          <reporter-output>
          </reporter-output>
        </test-method> <!-- howToEmbedFlows -->
        <test-method status="PASS" signature="clickEmbed()[pri:0, instance:testCases.TestCases@6fa38a]" name="clickEmbed" duration-ms="234" started-at="2018-04-11T14:56:56Z" depends-on-methods="testCases.TestCases.howToEmbedFlows" finished-at="2018-04-11T14:56:56Z">
          <reporter-output>
          </reporter-output>
        </test-method> <!-- clickEmbed -->
        <test-method status="PASS" signature="clickSlideShow()[pri:0, instance:testCases.TestCases@6fa38a]" name="clickSlideShow" duration-ms="806" started-at="2018-04-11T14:56:56Z" depends-on-methods="testCases.TestCases.clickEmbed" finished-at="2018-04-11T14:56:57Z">
          <reporter-output>
          </reporter-output>
        </test-method> <!-- clickSlideShow -->
        <test-method status="PASS" signature="clickNext()[pri:0, instance:testCases.TestCases@6fa38a]" name="clickNext" duration-ms="564" started-at="2018-04-11T14:56:57Z" depends-on-methods="testCases.TestCases.clickSlideShow" finished-at="2018-04-11T14:56:58Z">
          <reporter-output>
          </reporter-output>
        </test-method> <!-- clickNext -->
        <test-method status="PASS" signature="clickCloseBtn()[pri:0, instance:testCases.TestCases@6fa38a]" name="clickCloseBtn" duration-ms="3143" started-at="2018-04-11T14:56:58Z" depends-on-methods="testCases.TestCases.clickNext" finished-at="2018-04-11T14:57:01Z">
          <reporter-output>
          </reporter-output>
        </test-method> <!-- clickCloseBtn -->
        <test-method status="PASS" signature="closeBrowser()[pri:0, instance:testCases.TestCases@6fa38a]" name="closeBrowser" is-config="true" duration-ms="1" started-at="2018-04-11T14:57:01Z" finished-at="2018-04-11T14:57:01Z">
          <reporter-output>
          </reporter-output>
        </test-method> <!-- closeBrowser -->
      </class> <!-- testCases.TestCases -->
    </test> <!-- Test the given flow. -->
  </suite> <!-- WhatFix Assignment -->
</testng-results>
